This is pdfTeX, Version 3.14159265-2.6-1.40.18 (TeX Live 2017/Debian) (preloaded format=pdflatex 2018.10.16)  19 OCT 2018 13:16
entering extended mode
 restricted \write18 enabled.
 %&-line parsing enabled.
**DocumentacionFinal1.tex
(./DocumentacionFinal1.tex
LaTeX2e <2017-04-15>
Babel <3.18> and hyphenation patterns for 5 language(s) loaded.
(/usr/share/texlive/texmf-dist/tex/latex/base/article.cls
Document Class: article 2014/09/29 v1.4h Standard LaTeX document class
(/usr/share/texlive/texmf-dist/tex/latex/base/size10.clo
File: size10.clo 2014/09/29 v1.4h Standard LaTeX file (size option)
)
\c@part=\count79
\c@section=\count80
\c@subsection=\count81
\c@subsubsection=\count82
\c@paragraph=\count83
\c@subparagraph=\count84
\c@figure=\count85
\c@table=\count86
\abovecaptionskip=\skip41
\belowcaptionskip=\skip42
\bibindent=\dimen102
)
(/usr/share/texlive/texmf-dist/tex/latex/graphics/graphicx.sty
Package: graphicx 2017/06/01 v1.1a Enhanced LaTeX Graphics (DPC,SPQR)

(/usr/share/texlive/texmf-dist/tex/latex/graphics/keyval.sty
Package: keyval 2014/10/28 v1.15 key=value parser (DPC)
\KV@toks@=\toks14
)
(/usr/share/texlive/texmf-dist/tex/latex/graphics/graphics.sty
Package: graphics 2017/06/25 v1.2c Standard LaTeX Graphics (DPC,SPQR)

(/usr/share/texlive/texmf-dist/tex/latex/graphics/trig.sty
Package: trig 2016/01/03 v1.10 sin cos tan (DPC)
)
(/usr/share/texlive/texmf-dist/tex/latex/graphics-cfg/graphics.cfg
File: graphics.cfg 2016/06/04 v1.11 sample graphics configuration
)
Package graphics Info: Driver file: pdftex.def on input line 99.

(/usr/share/texlive/texmf-dist/tex/latex/graphics-def/pdftex.def
File: pdftex.def 2018/01/08 v1.0l Graphics/color driver for pdftex
))
\Gin@req@height=\dimen103
\Gin@req@width=\dimen104
)
(/usr/share/texlive/texmf-dist/tex/latex/float/float.sty
Package: float 2001/11/08 v1.3d Float enhancements (AL)
\c@float@type=\count87
\float@exts=\toks15
\float@box=\box26
\@float@everytoks=\toks16
\@floatcapt=\box27
)
(/usr/share/texlive/texmf-dist/tex/latex/amsmath/amsmath.sty
Package: amsmath 2017/09/02 v2.17a AMS math features
\@mathmargin=\skip43

For additional information on amsmath, use the `?' option.
(/usr/share/texlive/texmf-dist/tex/latex/amsmath/amstext.sty
Package: amstext 2000/06/29 v2.01 AMS text

(/usr/share/texlive/texmf-dist/tex/latex/amsmath/amsgen.sty
File: amsgen.sty 1999/11/30 v2.0 generic functions
\@emptytoks=\toks17
\ex@=\dimen105
))
(/usr/share/texlive/texmf-dist/tex/latex/amsmath/amsbsy.sty
Package: amsbsy 1999/11/29 v1.2d Bold Symbols
\pmbraise@=\dimen106
)
(/usr/share/texlive/texmf-dist/tex/latex/amsmath/amsopn.sty
Package: amsopn 2016/03/08 v2.02 operator names
)
\inf@bad=\count88
LaTeX Info: Redefining \frac on input line 213.
\uproot@=\count89
\leftroot@=\count90
LaTeX Info: Redefining \overline on input line 375.
\classnum@=\count91
\DOTSCASE@=\count92
LaTeX Info: Redefining \ldots on input line 472.
LaTeX Info: Redefining \dots on input line 475.
LaTeX Info: Redefining \cdots on input line 596.
\Mathstrutbox@=\box28
\strutbox@=\box29
\big@size=\dimen107
LaTeX Font Info:    Redeclaring font encoding OML on input line 712.
LaTeX Font Info:    Redeclaring font encoding OMS on input line 713.
\macc@depth=\count93
\c@MaxMatrixCols=\count94
\dotsspace@=\muskip10
\c@parentequation=\count95
\dspbrk@lvl=\count96
\tag@help=\toks18
\row@=\count97
\column@=\count98
\maxfields@=\count99
\andhelp@=\toks19
\eqnshift@=\dimen108
\alignsep@=\dimen109
\tagshift@=\dimen110
\tagwidth@=\dimen111
\totwidth@=\dimen112
\lineht@=\dimen113
\@envbody=\toks20
\multlinegap=\skip44
\multlinetaggap=\skip45
\mathdisplay@stack=\toks21
LaTeX Info: Redefining \[ on input line 2817.
LaTeX Info: Redefining \] on input line 2818.
)
(./DocumentacionFinal1.aux)
\openout1 = `DocumentacionFinal1.aux'.

LaTeX Font Info:    Checking defaults for OML/cmm/m/it on input line 9.
LaTeX Font Info:    ... okay on input line 9.
LaTeX Font Info:    Checking defaults for T1/cmr/m/n on input line 9.
LaTeX Font Info:    ... okay on input line 9.
LaTeX Font Info:    Checking defaults for OT1/cmr/m/n on input line 9.
LaTeX Font Info:    ... okay on input line 9.
LaTeX Font Info:    Checking defaults for OMS/cmsy/m/n on input line 9.
LaTeX Font Info:    ... okay on input line 9.
LaTeX Font Info:    Checking defaults for OMX/cmex/m/n on input line 9.
LaTeX Font Info:    ... okay on input line 9.
LaTeX Font Info:    Checking defaults for U/cmr/m/n on input line 9.
LaTeX Font Info:    ... okay on input line 9.

(/usr/share/texlive/texmf-dist/tex/context/base/mkii/supp-pdf.mkii
[Loading MPS to PDF converter (version 2006.09.02).]
\scratchcounter=\count100
\scratchdimen=\dimen114
\scratchbox=\box30
\nofMPsegments=\count101
\nofMParguments=\count102
\everyMPshowfont=\toks22
\MPscratchCnt=\count103
\MPscratchDim=\dimen115
\MPnumerator=\count104
\makeMPintoPDFobject=\count105
\everyMPtoPDFconversion=\toks23
) (/usr/share/texlive/texmf-dist/tex/latex/oberdiek/epstopdf-base.sty
Package: epstopdf-base 2016/05/15 v2.6 Base part for package epstopdf

(/usr/share/texlive/texmf-dist/tex/generic/oberdiek/infwarerr.sty
Package: infwarerr 2016/05/16 v1.4 Providing info/warning/error messages (HO)
)
(/usr/share/texlive/texmf-dist/tex/latex/oberdiek/grfext.sty
Package: grfext 2016/05/16 v1.2 Manage graphics extensions (HO)

(/usr/share/texlive/texmf-dist/tex/generic/oberdiek/kvdefinekeys.sty
Package: kvdefinekeys 2016/05/16 v1.4 Define keys (HO)

(/usr/share/texlive/texmf-dist/tex/generic/oberdiek/ltxcmds.sty
Package: ltxcmds 2016/05/16 v1.23 LaTeX kernel commands for general use (HO)
)))
(/usr/share/texlive/texmf-dist/tex/latex/oberdiek/kvoptions.sty
Package: kvoptions 2016/05/16 v3.12 Key value format for package options (HO)

(/usr/share/texlive/texmf-dist/tex/generic/oberdiek/kvsetkeys.sty
Package: kvsetkeys 2016/05/16 v1.17 Key value parser (HO)

(/usr/share/texlive/texmf-dist/tex/generic/oberdiek/etexcmds.sty
Package: etexcmds 2016/05/16 v1.6 Avoid name clashes with e-TeX commands (HO)

(/usr/share/texlive/texmf-dist/tex/generic/oberdiek/ifluatex.sty
Package: ifluatex 2016/05/16 v1.4 Provides the ifluatex switch (HO)
Package ifluatex Info: LuaTeX not detected.
)
Package etexcmds Info: Could not find \expanded.
(etexcmds)             That can mean that you are not using pdfTeX 1.50 or
(etexcmds)             that some package has redefined \expanded.
(etexcmds)             In the latter case, load this package earlier.
)))
(/usr/share/texlive/texmf-dist/tex/generic/oberdiek/pdftexcmds.sty
Package: pdftexcmds 2018/01/21 v0.26 Utility functions of pdfTeX for LuaTeX (HO
)

(/usr/share/texlive/texmf-dist/tex/generic/oberdiek/ifpdf.sty
Package: ifpdf 2017/03/15 v3.2 Provides the ifpdf switch
)
Package pdftexcmds Info: LuaTeX not detected.
Package pdftexcmds Info: \pdf@primitive is available.
Package pdftexcmds Info: \pdf@ifprimitive is available.
Package pdftexcmds Info: \pdfdraftmode found.
)
Package epstopdf-base Info: Redefining graphics rule for `.eps' on input line 4
38.
Package grfext Info: Graphics extension search list:
(grfext)             [.pdf,.png,.jpg,.mps,.jpeg,.jbig2,.jb2,.PDF,.PNG,.JPG,.JPE
G,.JBIG2,.JB2,.eps]
(grfext)             \AppendGraphicsExtensions on input line 456.

(/usr/share/texlive/texmf-dist/tex/latex/latexconfig/epstopdf-sys.cfg
File: epstopdf-sys.cfg 2010/07/13 v1.3 Configuration of (r)epstopdf for TeX Liv
e
))
[1

{/var/lib/texmf/fonts/map/pdftex/updmap/pdftex.map}]
Missing character: There is no Ã in font cmbx10!
Missing character: There is no ¡ in font cmbx10!
Missing character: There is no Ã in font cmbx10!
Missing character: There is no ³ in font cmbx10!
Missing character: There is no Ã in font cmbx10!
Missing character: There is no ¡ in font cmbx10!
Missing character: There is no Ã in font cmbx10!
Missing character: There is no ± in font cmbx10!
Missing character: There is no Ã in font cmbx10!
Missing character: There is no ¡ in font cmbx10!
<Ejercicio1a/gaussiana(3,3)3.png, id=9, 376.40625pt x 332.24126pt>
File: Ejercicio1a/gaussiana(3,3)3.png Graphic file (type png)
<use Ejercicio1a/gaussiana(3,3)3.png>
Package pdftex.def Info: Ejercicio1a/gaussiana(3,3)3.png  used on input line 24
.
(pdftex.def)             Requested size: 155.24895pt x 137.036pt.
<Ejercicio1a/gaussiana(3,3)4.png, id=10, 376.40625pt x 332.24126pt>
File: Ejercicio1a/gaussiana(3,3)4.png Graphic file (type png)
<use Ejercicio1a/gaussiana(3,3)4.png>
Package pdftex.def Info: Ejercicio1a/gaussiana(3,3)4.png  used on input line 31
.
(pdftex.def)             Requested size: 155.24895pt x 137.036pt.
<Ejercicio1a/gaussiana(3,3)5.png, id=11, 376.40625pt x 332.24126pt>
File: Ejercicio1a/gaussiana(3,3)5.png Graphic file (type png)
<use Ejercicio1a/gaussiana(3,3)5.png>
Package pdftex.def Info: Ejercicio1a/gaussiana(3,3)5.png  used on input line 38
.
(pdftex.def)             Requested size: 155.24895pt x 137.036pt.

Overfull \hbox (15.0pt too wide) in paragraph at lines 20--45
[]$[]$
 []

<Ejercicio1a/gaussiana(31,31)1.png, id=12, 376.40625pt x 332.24126pt>
File: Ejercicio1a/gaussiana(31,31)1.png Graphic file (type png)
<use Ejercicio1a/gaussiana(31,31)1.png>
Package pdftex.def Info: Ejercicio1a/gaussiana(31,31)1.png  used on input line 
50.
(pdftex.def)             Requested size: 155.24895pt x 137.036pt.
<Ejercicio1a/gaussiana(31,31)3.png, id=13, 376.40625pt x 332.24126pt>
File: Ejercicio1a/gaussiana(31,31)3.png Graphic file (type png)
<use Ejercicio1a/gaussiana(31,31)3.png>
Package pdftex.def Info: Ejercicio1a/gaussiana(31,31)3.png  used on input line 
57.
(pdftex.def)             Requested size: 155.24895pt x 137.036pt.
<Ejercicio1a/gaussiana(31,31)5.png, id=14, 376.40625pt x 332.24126pt>
File: Ejercicio1a/gaussiana(31,31)5.png Graphic file (type png)
<use Ejercicio1a/gaussiana(31,31)5.png>
Package pdftex.def Info: Ejercicio1a/gaussiana(31,31)5.png  used on input line 
64.
(pdftex.def)             Requested size: 155.24895pt x 137.036pt.

Overfull \hbox (15.0pt too wide) in paragraph at lines 46--71
[]$[]$
 []

[2 <./Ejercicio1a/gaussiana(3,3)3.png> <./Ejercicio1a/gaussiana(3,3)4.png> <./E
jercicio1a/gaussiana(3,3)5.png>]
Missing character: There is no Ã in font cmbx10!
Missing character: There is no ¡ in font cmbx10!
Missing character: There is no Ã in font cmbx10!
Missing character: There is no ³ in font cmbx10!
Missing character: There is no Ã in font cmbx10!
Missing character: There is no ¡ in font cmbx10!
Missing character: There is no Ã in font cmbx10!
Missing character: There is no ¡ in font cmbx10!
LaTeX Font Info:    Try loading font information for OMS+cmr on input line 83.

(/usr/share/texlive/texmf-dist/tex/latex/base/omscmr.fd
File: omscmr.fd 2014/09/29 v2.5h Standard LaTeX font definitions
)
LaTeX Font Info:    Font shape `OMS/cmr/m/n' in size <10> not available
(Font)              Font shape `OMS/cmsy/m/n' tried instead on input line 83.
 [3 <./Ejercicio1a/gaussiana(31,31)1.png> <./Ejercicio1a/gaussiana(31,31)3.png>
 <./Ejercicio1a/gaussiana(31,31)5.png>]
Underfull \hbox (badness 10000) in paragraph at lines 128--130

 []

Missing character: There is no Ã in font cmbx10!
Missing character: There is no ³ in font cmbx10!
<Ejercicio1c/dog(7,7)1_DEFAULT.png, id=24, 411.5375pt x 362.35374pt>
File: Ejercicio1c/dog(7,7)1_DEFAULT.png Graphic file (type png)
<use Ejercicio1c/dog(7,7)1_DEFAULT.png>
Package pdftex.def Info: Ejercicio1c/dog(7,7)1_DEFAULT.png  used on input line 
142.
(pdftex.def)             Requested size: 155.24895pt x 136.69508pt.
<Ejercicio1c/dog(19,19)3_DEFAULT.png, id=25, 411.5375pt x 362.35374pt>
File: Ejercicio1c/dog(19,19)3_DEFAULT.png Graphic file (type png)
<use Ejercicio1c/dog(19,19)3_DEFAULT.png>
Package pdftex.def Info: Ejercicio1c/dog(19,19)3_DEFAULT.png  used on input lin
e 149.
(pdftex.def)             Requested size: 155.24895pt x 136.69508pt.
<Ejercicio1c/dog(7,7)1_REFLECT.png, id=26, 411.5375pt x 362.35374pt>
File: Ejercicio1c/dog(7,7)1_REFLECT.png Graphic file (type png)
<use Ejercicio1c/dog(7,7)1_REFLECT.png>
Package pdftex.def Info: Ejercicio1c/dog(7,7)1_REFLECT.png  used on input line 
157.
(pdftex.def)             Requested size: 155.24895pt x 136.69508pt.
<Ejercicio1c/dog(19,19)3_REFLECT.png, id=27, 411.5375pt x 362.35374pt>
File: Ejercicio1c/dog(19,19)3_REFLECT.png Graphic file (type png)
<use Ejercicio1c/dog(19,19)3_REFLECT.png>
Package pdftex.def Info: Ejercicio1c/dog(19,19)3_REFLECT.png  used on input lin
e 164.
(pdftex.def)             Requested size: 155.24895pt x 136.69508pt.

Overfull \hbox (15.0pt too wide) in paragraph at lines 138--170
[]$[]$
 []


Underfull \hbox (badness 10000) in paragraph at lines 138--170

 []

[4]
Underfull \hbox (badness 10000) in paragraph at lines 171--173

 []


Underfull \hbox (badness 10000) in paragraph at lines 174--176

 []


Underfull \hbox (badness 10000) in paragraph at lines 177--179

 []

Missing character: There is no Ã in font cmr10!
Missing character: There is no ¡ in font cmr10!

Underfull \hbox (badness 10000) in paragraph at lines 180--182

 []

[5 <./Ejercicio1c/dog(7,7)1_DEFAULT.png> <./Ejercicio1c/dog(19,19)3_DEFAULT.png
> <./Ejercicio1c/dog(7,7)1_REFLECT.png> <./Ejercicio1c/dog(19,19)3_REFLECT.png>
]
Missing character: There is no Ã in font cmbx10!
Missing character: There is no ³ in font cmbx10!
Missing character: There is no Ã in font cmbx10!
Missing character: There is no ¡ in font cmbx10!

Underfull \hbox (badness 10000) in paragraph at lines 188--190

 []

<Ejercicio2a/cat(3,3)_REFLECT.png, id=36, 411.5375pt x 362.35374pt>
File: Ejercicio2a/cat(3,3)_REFLECT.png Graphic file (type png)
<use Ejercicio2a/cat(3,3)_REFLECT.png>
Package pdftex.def Info: Ejercicio2a/cat(3,3)_REFLECT.png  used on input line 1
98.
(pdftex.def)             Requested size: 155.24895pt x 136.69508pt.

Overfull \hbox (223.02687pt too wide) in paragraph at lines 193--203
[]\OT1/cmr/m/n/10 Esto hace que en el eje de las X re-salte las aris-tas $[]$ 
 []

Missing character: There is no Ã in font cmr10!
Missing character: There is no ¡ in font cmr10!
Missing character: There is no Ã in font cmr10!
Missing character: There is no ¡ in font cmr10!

Overfull \hbox (6.04692pt too wide) in paragraph at lines 207--208
[]\OT1/cmr/m/n/10 Una mas-cara de primera derivada re-saltan las aris-tas de un
a im-a-gen. Poniendo
 []

<Ejercicio2b/cat(3,1,1)_DEFAULT.png, id=37, 411.5375pt x 362.35374pt>
File: Ejercicio2b/cat(3,1,1)_DEFAULT.png Graphic file (type png)
<use Ejercicio2b/cat(3,1,1)_DEFAULT.png>
Package pdftex.def Info: Ejercicio2b/cat(3,1,1)_DEFAULT.png  used on input line
 213.
(pdftex.def)             Requested size: 155.24895pt x 136.69508pt.

Overfull \hbox (15.0pt too wide) in paragraph at lines 209--218
[]$[]$ 
 []

[6 <./Ejercicio2a/cat(3,3)_REFLECT.png>]
Missing character: There is no Ã in font cmbx10!
Missing character: There is no ¡ in font cmbx10!
Missing character: There is no Â in font cmbx10!
Missing character: There is no ª in font cmbx10!
<Ejercicio2c/cat(3,2,2)_DEFAULT.png, id=42, 411.5375pt x 362.35374pt>
File: Ejercicio2c/cat(3,2,2)_DEFAULT.png Graphic file (type png)
<use Ejercicio2c/cat(3,2,2)_DEFAULT.png>
Package pdftex.def Info: Ejercicio2c/cat(3,2,2)_DEFAULT.png  used on input line
 227.
(pdftex.def)             Requested size: 155.24895pt x 136.69508pt.

Overfull \hbox (15.0pt too wide) in paragraph at lines 223--232
[]$[]$ 
 []

[7 <./Ejercicio2b/cat(3,1,1)_DEFAULT.png> <./Ejercicio2c/cat(3,2,2)_DEFAULT.png
>]
<Ejercicio2d/cat0.png, id=47, 411.5375pt x 362.35374pt>
File: Ejercicio2d/cat0.png Graphic file (type png)
<use Ejercicio2d/cat0.png>
Package pdftex.def Info: Ejercicio2d/cat0.png  used on input line 244.
(pdftex.def)             Requested size: 411.5365pt x 362.35286pt.

Overfull \hbox (66.5365pt too wide) in paragraph at lines 244--245
 [][] 
 []

<Ejercicio2d/cat1.png, id=48, 205.76875pt x 181.67876pt>
File: Ejercicio2d/cat1.png Graphic file (type png)
<use Ejercicio2d/cat1.png>
Package pdftex.def Info: Ejercicio2d/cat1.png  used on input line 250.
(pdftex.def)             Requested size: 205.76823pt x 181.6783pt.
[8 <./Ejercicio2d/cat0.png>]
<Ejercicio2d/cat2.png, id=52, 103.38625pt x 91.34125pt>
File: Ejercicio2d/cat2.png Graphic file (type png)
<use Ejercicio2d/cat2.png>
Package pdftex.def Info: Ejercicio2d/cat2.png  used on input line 256.
(pdftex.def)             Requested size: 103.38599pt x 91.34102pt.
<Ejercicio2d/cat3.png, id=53, 52.195pt x 46.1725pt>
File: Ejercicio2d/cat3.png Graphic file (type png)
<use Ejercicio2d/cat3.png>
Package pdftex.def Info: Ejercicio2d/cat3.png  used on input line 262.
(pdftex.def)             Requested size: 52.19487pt x 46.17236pt.
<Ejercicio2d/cat4.png, id=54, 26.0975pt x 23.08624pt>
File: Ejercicio2d/cat4.png Graphic file (type png)
<use Ejercicio2d/cat4.png>
Package pdftex.def Info: Ejercicio2d/cat4.png  used on input line 268.
(pdftex.def)             Requested size: 26.09743pt x 23.08617pt.
Missing character: There is no Ã in font cmbx10!
Missing character: There is no ³ in font cmbx10!
Missing character: There is no Ã in font cmbx10!
Missing character: There is no ³ in font cmbx10!
Missing character: There is no Ã in font cmbx10!
Missing character: There is no ¡ in font cmbx10!
 [9 <./Ejercicio2d/cat1.png> <./Ejercicio2d/cat2.png> <./Ejercicio2d/cat3.png> 
<./Ejercicio2d/cat4.png>]
<Ejercicio2e/cat0.png, id=58, 26.0975pt x 23.08624pt>
File: Ejercicio2e/cat0.png Graphic file (type png)
<use Ejercicio2e/cat0.png>
Package pdftex.def Info: Ejercicio2e/cat0.png  used on input line 279.
(pdftex.def)             Requested size: 26.09743pt x 23.08617pt.
<Ejercicio2e/cat1.png, id=59, 52.195pt x 46.1725pt>
File: Ejercicio2e/cat1.png Graphic file (type png)
<use Ejercicio2e/cat1.png>
Package pdftex.def Info: Ejercicio2e/cat1.png  used on input line 285.
(pdftex.def)             Requested size: 52.19487pt x 46.17236pt.
<Ejercicio2e/cat2.png, id=60, 103.38625pt x 91.34125pt>
File: Ejercicio2e/cat2.png Graphic file (type png)
<use Ejercicio2e/cat2.png>
Package pdftex.def Info: Ejercicio2e/cat2.png  used on input line 291.
(pdftex.def)             Requested size: 103.38599pt x 91.34102pt.
<Ejercicio2e/cat3.png, id=61, 205.76875pt x 181.67876pt>
File: Ejercicio2e/cat3.png Graphic file (type png)
<use Ejercicio2e/cat3.png>
Package pdftex.def Info: Ejercicio2e/cat3.png  used on input line 297.
(pdftex.def)             Requested size: 205.76823pt x 181.6783pt.
 [10 <./Ejercicio2e/cat0.png> <./Ejercicio2e/cat1.png> <./Ejercicio2e/cat2.png>
]
Missing character: There is no Ã in font cmr10!
Missing character: There is no ­ in font cmr10!
Missing character: There is no Ã in font cmr10!
Missing character: There is no ¡ in font cmr10!
Missing character: There is no Ã in font cmr10!
Missing character: There is no ¡ in font cmr10!
Missing character: There is no Ã in font cmr10!
Missing character: There is no ¡ in font cmr10!
Missing character: There is no Ã in font cmr10!
Missing character: There is no ³ in font cmr10!
Missing character: There is no Ã in font cmr10!
Missing character: There is no ³ in font cmr10!
Missing character: There is no Ã in font cmr10!
Missing character: There is no ¡ in font cmr10!
Missing character: There is no Ã in font cmr10!
Missing character: There is no ¡ in font cmr10!
Missing character: There is no Ã in font cmr10!
Missing character: There is no º in font cmr10!
Missing character: There is no Ã in font cmr10!
Missing character: There is no ³ in font cmr10!
Missing character: There is no Ã in font cmr10!
Missing character: There is no ¡ in font cmr10!
Missing character: There is no Ã in font cmr10!
Missing character: There is no ¡ in font cmr10!
Missing character: There is no Ã in font cmr10!
Missing character: There is no ¡ in font cmr10!
Missing character: There is no Ã in font cmr10!
Missing character: There is no ¡ in font cmr10!
Missing character: There is no Ã in font cmr10!
Missing character: There is no ³ in font cmr10!
Missing character: There is no Ã in font cmr10!
Missing character: There is no ³ in font cmr10!
Missing character: There is no Ã in font cmr10!
Missing character: There is no ¡ in font cmr10!
Missing character: There is no Ã in font cmr10!
Missing character: There is no ­ in font cmr10!
Missing character: There is no Ã in font cmr10!
Missing character: There is no ¡ in font cmr10!
Missing character: There is no Ã in font cmr10!
Missing character: There is no © in font cmr10!
Missing character: There is no Ã in font cmr10!
Missing character: There is no ³ in font cmr10!
Missing character: There is no Ã in font cmr10!
Missing character: There is no º in font cmr10!
Missing character: There is no Ã in font cmr10!
Missing character: There is no ³ in font cmr10!
Missing character: There is no Ã in font cmr10!
Missing character: There is no ¡ in font cmr10!
<Ejercicio3/hybrid1.png, id=65, 376.40625pt x 308.15125pt>
File: Ejercicio3/hybrid1.png Graphic file (type png)
<use Ejercicio3/hybrid1.png>
Package pdftex.def Info: Ejercicio3/hybrid1.png  used on input line 314.
(pdftex.def)             Requested size: 155.24895pt x 127.09984pt.
<Ejercicio3/hybrid2.png, id=66, 225.84375pt x 265.99374pt>
File: Ejercicio3/hybrid2.png Graphic file (type png)
<use Ejercicio3/hybrid2.png>
Package pdftex.def Info: Ejercicio3/hybrid2.png  used on input line 321.
(pdftex.def)             Requested size: 155.24895pt x 182.85806pt.
<Ejercicio3/hybrid3.png, id=67, 376.40625pt x 332.24126pt>
File: Ejercicio3/hybrid3.png Graphic file (type png)
<use Ejercicio3/hybrid3.png>
Package pdftex.def Info: Ejercicio3/hybrid3.png  used on input line 329.
(pdftex.def)             Requested size: 155.24895pt x 137.036pt.
<Ejercicio3/hybrid4.png, id=68, 411.5375pt x 362.35374pt>
File: Ejercicio3/hybrid4.png Graphic file (type png)
<use Ejercicio3/hybrid4.png>
Package pdftex.def Info: Ejercicio3/hybrid4.png  used on input line 336.
(pdftex.def)             Requested size: 155.24895pt x 136.69508pt.
<Ejercicio3/hybrid5.png, id=69, 454.69875pt x 301.125pt>
File: Ejercicio3/hybrid5.png Graphic file (type png)
<use Ejercicio3/hybrid5.png>
Package pdftex.def Info: Ejercicio3/hybrid5.png  used on input line 343.
(pdftex.def)             Requested size: 155.24895pt x 102.81305pt.

Overfull \hbox (15.0pt too wide) in paragraph at lines 310--348
[]$[]$ 
 []

[11 <./Ejercicio2e/cat3.png>] [12 <./Ejercicio3/hybrid1.png> <./Ejercicio3/hybr
id2.png> <./Ejercicio3/hybrid3.png> <./Ejercicio3/hybrid4.png> <./Ejercicio3/hy
brid5.png>] (./DocumentacionFinal1.aux) ) 
Here is how much of TeX's memory you used:
 2269 strings out of 494880
 32577 string characters out of 6179600
 86576 words of memory out of 5000000
 5544 multiletter control sequences out of 15000+600000
 9369 words of font info for 34 fonts, out of 8000000 for 9000
 36 hyphenation exceptions out of 8191
 41i,9n,25p,490b,322s stack positions out of 5000i,500n,10000p,200000b,80000s
</usr/share/texlive/texmf-dist/fonts/t
ype1/public/amsfonts/cm/cmbx10.pfb></usr/share/texlive/texmf-dist/fonts/type1/p
ublic/amsfonts/cm/cmbx12.pfb></usr/share/texlive/texmf-dist/fonts/type1/public/
amsfonts/cm/cmex10.pfb></usr/share/texlive/texmf-dist/fonts/type1/public/amsfon
ts/cm/cmmi10.pfb></usr/share/texlive/texmf-dist/fonts/type1/public/amsfonts/cm/
cmr10.pfb></usr/share/texlive/texmf-dist/fonts/type1/public/amsfonts/cm/cmr12.p
fb></usr/share/texlive/texmf-dist/fonts/type1/public/amsfonts/cm/cmr17.pfb></us
r/share/texlive/texmf-dist/fonts/type1/public/amsfonts/cm/cmsy10.pfb></usr/shar
e/texlive/texmf-dist/fonts/type1/public/amsfonts/cm/cmti10.pfb>
Output written on DocumentacionFinal1.pdf (12 pages, 1804061 bytes).
PDF statistics:
 106 PDF objects out of 1000 (max. 8388607)
 55 compressed objects within 1 object stream
 0 named destinations out of 1000 (max. 500000)
 136 words of extra memory for PDF output out of 10000 (max. 10000000)

